<?xml version="1.0" encoding="UTF-8"?>
<!-- Generated by org.testng.reporters.JUnitReportReporter -->
<testsuite hostname="LAPTOP-V79E0VAK" failures="0" tests="2" name="testCases.TC_002_LoginTest" time="26.392" errors="0" timestamp="2023-05-23T14:51:45 IDT" skipped="0">
  <testcase classname="testCases.TC_002_LoginTest" name="test_login_failed" time="13.469"/>
  <system-out/>
  <testcase classname="testCases.TC_002_LoginTest" name="test_login" time="12.923"/>
  <system-out/>
</testsuite> <!-- testCases.TC_002_LoginTest -->
