<?xml version="1.0" encoding="UTF-8"?>
<!-- Generated by org.testng.reporters.JUnitReportReporter -->
<testsuite hostname="LAPTOP-V79E0VAK" failures="0" tests="1" name="testCases.TC_002_LoginTest" time="13.172" errors="0" timestamp="2023-05-23T13:49:40 IDT" skipped="0">
  <testcase classname="testCases.TC_002_LoginTest" name="test_login" time="13.172"/>
  <system-out/>
</testsuite> <!-- testCases.TC_002_LoginTest -->
